{"C:/Users/Elias/Desktop/Eliasu/UTN/3er Año/Desarrollo de software/POC/PoC-test-suites/technologies/vitest/src/character/character.controller.test.ts": {"path":"C:/Users/Elias/Desktop/Eliasu/UTN/3er Año/Desarrollo de software/POC/PoC-test-suites/technologies/vitest/src/character/character.controller.test.ts","statementMap":{"0":{"start":{"line":8,"column":0},"end":{"line":8,"column":null}},"1":{"start":{"line":11,"column":20},"end":{"line":17,"column":null}},"2":{"start":{"line":12,"column":32},"end":{"line":15,"column":null}},"3":{"start":{"line":16,"column":2},"end":{"line":16,"column":null}},"4":{"start":{"line":19,"column":21},"end":{"line":26,"column":null}},"5":{"start":{"line":20,"column":33},"end":{"line":24,"column":null}},"6":{"start":{"line":25,"column":2},"end":{"line":25,"column":null}},"7":{"start":{"line":28,"column":0},"end":{"line":222,"column":null}},"8":{"start":{"line":34,"column":2},"end":{"line":46,"column":null}},"9":{"start":{"line":35,"column":4},"end":{"line":35,"column":null}},"10":{"start":{"line":36,"column":4},"end":{"line":36,"column":null}},"11":{"start":{"line":37,"column":4},"end":{"line":37,"column":null}},"12":{"start":{"line":38,"column":4},"end":{"line":38,"column":null}},"13":{"start":{"line":41,"column":4},"end":{"line":41,"column":null}},"14":{"start":{"line":42,"column":4},"end":{"line":42,"column":null}},"15":{"start":{"line":43,"column":4},"end":{"line":43,"column":null}},"16":{"start":{"line":44,"column":4},"end":{"line":44,"column":null}},"17":{"start":{"line":45,"column":4},"end":{"line":45,"column":null}},"18":{"start":{"line":48,"column":2},"end":{"line":86,"column":null}},"19":{"start":{"line":49,"column":4},"end":{"line":49,"column":null}},"20":{"start":{"line":51,"column":4},"end":{"line":51,"column":null}},"21":{"start":{"line":53,"column":4},"end":{"line":82,"column":null}},"22":{"start":{"line":88,"column":2},"end":{"line":109,"column":null}},"23":{"start":{"line":89,"column":4},"end":{"line":89,"column":null}},"24":{"start":{"line":90,"column":4},"end":{"line":90,"column":null}},"25":{"start":{"line":92,"column":4},"end":{"line":92,"column":null}},"26":{"start":{"line":94,"column":4},"end":{"line":108,"column":null}},"27":{"start":{"line":111,"column":2},"end":{"line":119,"column":null}},"28":{"start":{"line":112,"column":4},"end":{"line":112,"column":null}},"29":{"start":{"line":113,"column":4},"end":{"line":113,"column":null}},"30":{"start":{"line":115,"column":4},"end":{"line":115,"column":null}},"31":{"start":{"line":117,"column":4},"end":{"line":117,"column":null}},"32":{"start":{"line":118,"column":4},"end":{"line":118,"column":null}},"33":{"start":{"line":121,"column":2},"end":{"line":152,"column":null}},"34":{"start":{"line":122,"column":4},"end":{"line":131,"column":null}},"35":{"start":{"line":134,"column":4},"end":{"line":134,"column":null}},"36":{"start":{"line":135,"column":4},"end":{"line":135,"column":null}},"37":{"start":{"line":136,"column":4},"end":{"line":151,"column":null}},"38":{"start":{"line":155,"column":2},"end":{"line":182,"column":null}},"39":{"start":{"line":156,"column":4},"end":{"line":159,"column":null}},"40":{"start":{"line":160,"column":4},"end":{"line":160,"column":null}},"41":{"start":{"line":162,"column":4},"end":{"line":164,"column":null}},"42":{"start":{"line":166,"column":4},"end":{"line":166,"column":null}},"43":{"start":{"line":168,"column":4},"end":{"line":168,"column":null}},"44":{"start":{"line":169,"column":4},"end":{"line":181,"column":null}},"45":{"start":{"line":184,"column":2},"end":{"line":197,"column":null}},"46":{"start":{"line":185,"column":4},"end":{"line":188,"column":null}},"47":{"start":{"line":189,"column":4},"end":{"line":189,"column":null}},"48":{"start":{"line":191,"column":4},"end":{"line":191,"column":null}},"49":{"start":{"line":193,"column":4},"end":{"line":193,"column":null}},"50":{"start":{"line":195,"column":4},"end":{"line":195,"column":null}},"51":{"start":{"line":196,"column":4},"end":{"line":196,"column":null}},"52":{"start":{"line":199,"column":2},"end":{"line":210,"column":null}},"53":{"start":{"line":200,"column":4},"end":{"line":200,"column":null}},"54":{"start":{"line":202,"column":4},"end":{"line":204,"column":null}},"55":{"start":{"line":206,"column":4},"end":{"line":206,"column":null}},"56":{"start":{"line":208,"column":4},"end":{"line":208,"column":null}},"57":{"start":{"line":209,"column":4},"end":{"line":209,"column":null}},"58":{"start":{"line":212,"column":2},"end":{"line":221,"column":null}},"59":{"start":{"line":213,"column":4},"end":{"line":213,"column":null}},"60":{"start":{"line":215,"column":4},"end":{"line":215,"column":null}},"61":{"start":{"line":217,"column":4},"end":{"line":217,"column":null}},"62":{"start":{"line":219,"column":4},"end":{"line":219,"column":null}},"63":{"start":{"line":220,"column":4},"end":{"line":220,"column":null}}},"fnMap":{"0":{"name":"(anonymous_0)","decl":{"start":{"line":11,"column":20},"end":{"line":11,"column":26}},"loc":{"start":{"line":11,"column":26},"end":{"line":17,"column":null}}},"1":{"name":"(anonymous_1)","decl":{"start":{"line":19,"column":21},"end":{"line":19,"column":27}},"loc":{"start":{"line":19,"column":27},"end":{"line":26,"column":null}}},"2":{"name":"(anonymous_2)","decl":{"start":{"line":28,"column":37},"end":{"line":28,"column":43}},"loc":{"start":{"line":28,"column":43},"end":{"line":222,"column":1}}},"3":{"name":"(anonymous_3)","decl":{"start":{"line":34,"column":13},"end":{"line":34,"column":19}},"loc":{"start":{"line":34,"column":19},"end":{"line":46,"column":3}}},"4":{"name":"(anonymous_4)","decl":{"start":{"line":48,"column":37},"end":{"line":48,"column":43}},"loc":{"start":{"line":48,"column":43},"end":{"line":86,"column":3}}},"5":{"name":"(anonymous_5)","decl":{"start":{"line":88,"column":40},"end":{"line":88,"column":46}},"loc":{"start":{"line":88,"column":46},"end":{"line":109,"column":3}}},"6":{"name":"(anonymous_6)","decl":{"start":{"line":111,"column":49},"end":{"line":111,"column":55}},"loc":{"start":{"line":111,"column":55},"end":{"line":119,"column":3}}},"7":{"name":"(anonymous_7)","decl":{"start":{"line":121,"column":35},"end":{"line":121,"column":41}},"loc":{"start":{"line":121,"column":41},"end":{"line":152,"column":3}}},"8":{"name":"(anonymous_8)","decl":{"start":{"line":155,"column":44},"end":{"line":155,"column":50}},"loc":{"start":{"line":155,"column":50},"end":{"line":182,"column":3}}},"9":{"name":"(anonymous_9)","decl":{"start":{"line":184,"column":65},"end":{"line":184,"column":71}},"loc":{"start":{"line":184,"column":71},"end":{"line":197,"column":3}}},"10":{"name":"(anonymous_10)","decl":{"start":{"line":199,"column":40},"end":{"line":199,"column":46}},"loc":{"start":{"line":199,"column":46},"end":{"line":210,"column":3}}},"11":{"name":"(anonymous_11)","decl":{"start":{"line":212,"column":65},"end":{"line":212,"column":71}},"loc":{"start":{"line":212,"column":71},"end":{"line":221,"column":3}}}},"branchMap":{},"s":{"0":1,"1":1,"2":8,"3":8,"4":1,"5":8,"6":8,"7":1,"8":1,"9":8,"10":8,"11":8,"12":8,"13":8,"14":8,"15":8,"16":8,"17":8,"18":1,"19":1,"20":1,"21":1,"22":1,"23":1,"24":1,"25":1,"26":1,"27":1,"28":1,"29":1,"30":1,"31":1,"32":1,"33":1,"34":1,"35":1,"36":1,"37":1,"38":1,"39":1,"40":1,"41":1,"42":1,"43":1,"44":1,"45":1,"46":1,"47":1,"48":1,"49":1,"50":1,"51":1,"52":1,"53":1,"54":1,"55":1,"56":1,"57":1,"58":1,"59":1,"60":1,"61":1,"62":1,"63":1},"f":{"0":8,"1":8,"2":1,"3":8,"4":1,"5":1,"6":1,"7":1,"8":1,"9":1,"10":1,"11":1},"b":{}}
,"C:/Users/Elias/Desktop/Eliasu/UTN/3er Año/Desarrollo de software/POC/PoC-test-suites/technologies/vitest/src/integration/array.test.ts": {"path":"C:/Users/Elias/Desktop/Eliasu/UTN/3er Año/Desarrollo de software/POC/PoC-test-suites/technologies/vitest/src/integration/array.test.ts","statementMap":{"0":{"start":{"line":4,"column":0},"end":{"line":6,"column":null}},"1":{"start":{"line":5,"column":2},"end":{"line":5,"column":null}}},"fnMap":{"0":{"name":"(anonymous_0)","decl":{"start":{"line":4,"column":44},"end":{"line":4,"column":50}},"loc":{"start":{"line":4,"column":50},"end":{"line":6,"column":1}}}},"branchMap":{},"s":{"0":1,"1":1},"f":{"0":1},"b":{}}
,"C:/Users/Elias/Desktop/Eliasu/UTN/3er Año/Desarrollo de software/POC/PoC-test-suites/technologies/vitest/src/unit/sum.test.ts": {"path":"C:/Users/Elias/Desktop/Eliasu/UTN/3er Año/Desarrollo de software/POC/PoC-test-suites/technologies/vitest/src/unit/sum.test.ts","statementMap":{"0":{"start":{"line":4,"column":0},"end":{"line":6,"column":null}},"1":{"start":{"line":5,"column":2},"end":{"line":5,"column":null}}},"fnMap":{"0":{"name":"(anonymous_0)","decl":{"start":{"line":4,"column":18},"end":{"line":4,"column":24}},"loc":{"start":{"line":4,"column":24},"end":{"line":6,"column":1}}}},"branchMap":{},"s":{"0":1,"1":1},"f":{"0":1},"b":{}}
}
